<?xml version="1.0" encoding="UTF-8"?>
<testsuite xmlns:xsi="http://www.w3.org/2001/XMLSchema-instance" xsi:noNamespaceSchemaLocation="https://maven.apache.org/surefire/maven-surefire-plugin/xsd/surefire-test-report.xsd" name="TestSuite" time="30.257" tests="15" errors="0" skipped="12" failures="3">
  <properties>
    <property name="sun.desktop" value="gnome"/>
    <property name="awt.toolkit" value="sun.awt.X11.XToolkit"/>
    <property name="file.encoding.pkg" value="sun.io"/>
    <property name="java.specification.version" value="1.8"/>
    <property name="sun.cpu.isalist" value=""/>
    <property name="sun.jnu.encoding" value="UTF-8"/>
    <property name="java.class.path" value="/home/be-max/eclipse-workspace/asala/asala_qc_dashboard/target/test-classes:/home/be-max/eclipse-workspace/asala/asala_qc_dashboard/target/classes:/home/be-max/.m2/repository/org/testng/testng/6.14.3/testng-6.14.3.jar:/home/be-max/.m2/repository/com/beust/jcommander/1.72/jcommander-1.72.jar:/home/be-max/.m2/repository/org/apache-extras/beanshell/bsh/2.0b6/bsh-2.0b6.jar:/home/be-max/.m2/repository/org/seleniumhq/selenium/selenium-java/3.14.0/selenium-java-3.14.0.jar:/home/be-max/.m2/repository/org/seleniumhq/selenium/selenium-api/3.14.0/selenium-api-3.14.0.jar:/home/be-max/.m2/repository/org/seleniumhq/selenium/selenium-chrome-driver/3.14.0/selenium-chrome-driver-3.14.0.jar:/home/be-max/.m2/repository/org/seleniumhq/selenium/selenium-edge-driver/3.14.0/selenium-edge-driver-3.14.0.jar:/home/be-max/.m2/repository/org/seleniumhq/selenium/selenium-firefox-driver/3.14.0/selenium-firefox-driver-3.14.0.jar:/home/be-max/.m2/repository/org/seleniumhq/selenium/selenium-ie-driver/3.14.0/selenium-ie-driver-3.14.0.jar:/home/be-max/.m2/repository/org/seleniumhq/selenium/selenium-opera-driver/3.14.0/selenium-opera-driver-3.14.0.jar:/home/be-max/.m2/repository/org/seleniumhq/selenium/selenium-remote-driver/3.14.0/selenium-remote-driver-3.14.0.jar:/home/be-max/.m2/repository/org/seleniumhq/selenium/selenium-safari-driver/3.14.0/selenium-safari-driver-3.14.0.jar:/home/be-max/.m2/repository/org/seleniumhq/selenium/selenium-support/3.14.0/selenium-support-3.14.0.jar:/home/be-max/.m2/repository/net/bytebuddy/byte-buddy/1.8.15/byte-buddy-1.8.15.jar:/home/be-max/.m2/repository/org/apache/commons/commons-exec/1.3/commons-exec-1.3.jar:/home/be-max/.m2/repository/commons-codec/commons-codec/1.10/commons-codec-1.10.jar:/home/be-max/.m2/repository/commons-logging/commons-logging/1.2/commons-logging-1.2.jar:/home/be-max/.m2/repository/com/google/guava/guava/25.0-jre/guava-25.0-jre.jar:/home/be-max/.m2/repository/com/google/code/findbugs/jsr305/1.3.9/jsr305-1.3.9.jar:/home/be-max/.m2/repository/org/checkerframework/checker-compat-qual/2.0.0/checker-compat-qual-2.0.0.jar:/home/be-max/.m2/repository/com/google/errorprone/error_prone_annotations/2.1.3/error_prone_annotations-2.1.3.jar:/home/be-max/.m2/repository/com/google/j2objc/j2objc-annotations/1.1/j2objc-annotations-1.1.jar:/home/be-max/.m2/repository/org/codehaus/mojo/animal-sniffer-annotations/1.14/animal-sniffer-annotations-1.14.jar:/home/be-max/.m2/repository/org/apache/httpcomponents/httpclient/4.5.5/httpclient-4.5.5.jar:/home/be-max/.m2/repository/org/apache/httpcomponents/httpcore/4.4.9/httpcore-4.4.9.jar:/home/be-max/.m2/repository/com/squareup/okhttp3/okhttp/3.10.0/okhttp-3.10.0.jar:/home/be-max/.m2/repository/com/squareup/okio/okio/1.14.1/okio-1.14.1.jar:/home/be-max/.m2/repository/org/apache/maven/surefire/surefire-testng-utils/2.22.0/surefire-testng-utils-2.22.0.jar:/home/be-max/.m2/repository/org/apache/maven/surefire/surefire-grouper/2.22.0/surefire-grouper-2.22.0.jar:"/>
    <property name="java.vm.vendor" value="Oracle Corporation"/>
    <property name="sun.arch.data.model" value="64"/>
    <property name="java.vendor.url" value="http://java.oracle.com/"/>
    <property name="user.timezone" value=""/>
    <property name="java.vm.specification.version" value="1.8"/>
    <property name="os.name" value="Linux"/>
    <property name="user.country" value="US"/>
    <property name="sun.java.launcher" value="SUN_STANDARD"/>
    <property name="sun.boot.library.path" value="/usr/lib/jvm/java-8-openjdk-amd64/jre/lib/amd64"/>
    <property name="sun.java.command" value="/home/be-max/eclipse-workspace/asala/asala_qc_dashboard/target/surefire/surefirebooter9192008951046863401.jar /home/be-max/eclipse-workspace/asala/asala_qc_dashboard/target/surefire 2018-10-14T19-22-09_908-jvmRun1 surefire3132236303012032629tmp surefire_0589334777965486959tmp"/>
    <property name="surefire.test.class.path" value="/home/be-max/eclipse-workspace/asala/asala_qc_dashboard/target/test-classes:/home/be-max/eclipse-workspace/asala/asala_qc_dashboard/target/classes:/home/be-max/.m2/repository/org/testng/testng/6.14.3/testng-6.14.3.jar:/home/be-max/.m2/repository/com/beust/jcommander/1.72/jcommander-1.72.jar:/home/be-max/.m2/repository/org/apache-extras/beanshell/bsh/2.0b6/bsh-2.0b6.jar:/home/be-max/.m2/repository/org/seleniumhq/selenium/selenium-java/3.14.0/selenium-java-3.14.0.jar:/home/be-max/.m2/repository/org/seleniumhq/selenium/selenium-api/3.14.0/selenium-api-3.14.0.jar:/home/be-max/.m2/repository/org/seleniumhq/selenium/selenium-chrome-driver/3.14.0/selenium-chrome-driver-3.14.0.jar:/home/be-max/.m2/repository/org/seleniumhq/selenium/selenium-edge-driver/3.14.0/selenium-edge-driver-3.14.0.jar:/home/be-max/.m2/repository/org/seleniumhq/selenium/selenium-firefox-driver/3.14.0/selenium-firefox-driver-3.14.0.jar:/home/be-max/.m2/repository/org/seleniumhq/selenium/selenium-ie-driver/3.14.0/selenium-ie-driver-3.14.0.jar:/home/be-max/.m2/repository/org/seleniumhq/selenium/selenium-opera-driver/3.14.0/selenium-opera-driver-3.14.0.jar:/home/be-max/.m2/repository/org/seleniumhq/selenium/selenium-remote-driver/3.14.0/selenium-remote-driver-3.14.0.jar:/home/be-max/.m2/repository/org/seleniumhq/selenium/selenium-safari-driver/3.14.0/selenium-safari-driver-3.14.0.jar:/home/be-max/.m2/repository/org/seleniumhq/selenium/selenium-support/3.14.0/selenium-support-3.14.0.jar:/home/be-max/.m2/repository/net/bytebuddy/byte-buddy/1.8.15/byte-buddy-1.8.15.jar:/home/be-max/.m2/repository/org/apache/commons/commons-exec/1.3/commons-exec-1.3.jar:/home/be-max/.m2/repository/commons-codec/commons-codec/1.10/commons-codec-1.10.jar:/home/be-max/.m2/repository/commons-logging/commons-logging/1.2/commons-logging-1.2.jar:/home/be-max/.m2/repository/com/google/guava/guava/25.0-jre/guava-25.0-jre.jar:/home/be-max/.m2/repository/com/google/code/findbugs/jsr305/1.3.9/jsr305-1.3.9.jar:/home/be-max/.m2/repository/org/checkerframework/checker-compat-qual/2.0.0/checker-compat-qual-2.0.0.jar:/home/be-max/.m2/repository/com/google/errorprone/error_prone_annotations/2.1.3/error_prone_annotations-2.1.3.jar:/home/be-max/.m2/repository/com/google/j2objc/j2objc-annotations/1.1/j2objc-annotations-1.1.jar:/home/be-max/.m2/repository/org/codehaus/mojo/animal-sniffer-annotations/1.14/animal-sniffer-annotations-1.14.jar:/home/be-max/.m2/repository/org/apache/httpcomponents/httpclient/4.5.5/httpclient-4.5.5.jar:/home/be-max/.m2/repository/org/apache/httpcomponents/httpcore/4.4.9/httpcore-4.4.9.jar:/home/be-max/.m2/repository/com/squareup/okhttp3/okhttp/3.10.0/okhttp-3.10.0.jar:/home/be-max/.m2/repository/com/squareup/okio/okio/1.14.1/okio-1.14.1.jar:/home/be-max/.m2/repository/org/apache/maven/surefire/surefire-testng-utils/2.22.0/surefire-testng-utils-2.22.0.jar:/home/be-max/.m2/repository/org/apache/maven/surefire/surefire-grouper/2.22.0/surefire-grouper-2.22.0.jar:"/>
    <property name="sun.cpu.endian" value="little"/>
    <property name="user.home" value="/home/be-max"/>
    <property name="user.language" value="en"/>
    <property name="java.specification.vendor" value="Oracle Corporation"/>
    <property name="java.home" value="/usr/lib/jvm/java-8-openjdk-amd64/jre"/>
    <property name="basedir" value="/home/be-max/eclipse-workspace/asala/asala_qc_dashboard"/>
    <property name="file.separator" value="/"/>
    <property name="line.separator" value="&#10;"/>
    <property name="java.vm.specification.vendor" value="Oracle Corporation"/>
    <property name="java.specification.name" value="Java Platform API Specification"/>
    <property name="java.awt.graphicsenv" value="sun.awt.X11GraphicsEnvironment"/>
    <property name="surefire.real.class.path" value="/home/be-max/eclipse-workspace/asala/asala_qc_dashboard/target/surefire/surefirebooter9192008951046863401.jar"/>
    <property name="sun.boot.class.path" value="/usr/lib/jvm/java-8-openjdk-amd64/jre/lib/resources.jar:/usr/lib/jvm/java-8-openjdk-amd64/jre/lib/rt.jar:/usr/lib/jvm/java-8-openjdk-amd64/jre/lib/sunrsasign.jar:/usr/lib/jvm/java-8-openjdk-amd64/jre/lib/jsse.jar:/usr/lib/jvm/java-8-openjdk-amd64/jre/lib/jce.jar:/usr/lib/jvm/java-8-openjdk-amd64/jre/lib/charsets.jar:/usr/lib/jvm/java-8-openjdk-amd64/jre/lib/jfr.jar:/usr/lib/jvm/java-8-openjdk-amd64/jre/classes"/>
    <property name="sun.management.compiler" value="HotSpot 64-Bit Tiered Compilers"/>
    <property name="java.runtime.version" value="1.8.0_181-8u181-b13-0ubuntu0.16.04.1-b13"/>
    <property name="user.name" value="be-max"/>
    <property name="path.separator" value=":"/>
    <property name="os.version" value="4.15.0-36-generic"/>
    <property name="java.endorsed.dirs" value="/usr/lib/jvm/java-8-openjdk-amd64/jre/lib/endorsed"/>
    <property name="java.runtime.name" value="OpenJDK Runtime Environment"/>
    <property name="file.encoding" value="UTF-8"/>
    <property name="java.vm.name" value="OpenJDK 64-Bit Server VM"/>
    <property name="localRepository" value="/home/be-max/.m2/repository"/>
    <property name="java.vendor.url.bug" value="http://bugreport.sun.com/bugreport/"/>
    <property name="java.io.tmpdir" value="/tmp"/>
    <property name="java.version" value="1.8.0_181"/>
    <property name="user.dir" value="/home/be-max/eclipse-workspace/asala/asala_qc_dashboard"/>
    <property name="os.arch" value="amd64"/>
    <property name="java.vm.specification.name" value="Java Virtual Machine Specification"/>
    <property name="java.awt.printerjob" value="sun.print.PSPrinterJob"/>
    <property name="sun.os.patch.level" value="unknown"/>
    <property name="java.library.path" value="/usr/java/packages/lib/amd64:/usr/lib/x86_64-linux-gnu/jni:/lib/x86_64-linux-gnu:/usr/lib/x86_64-linux-gnu:/usr/lib/jni:/lib:/usr/lib"/>
    <property name="java.vm.info" value="mixed mode"/>
    <property name="java.vendor" value="Oracle Corporation"/>
    <property name="java.vm.version" value="25.181-b13"/>
    <property name="java.ext.dirs" value="/usr/lib/jvm/java-8-openjdk-amd64/jre/lib/ext:/usr/java/packages/lib/ext"/>
    <property name="sun.io.unicode.encoding" value="UnicodeLittle"/>
    <property name="java.class.version" value="52.0"/>
  </properties>
  <testcase name="AddEmailEmptyAndPassword" classname="asala.test.AsalaLoginTest" time="6.629">
    <failure message="Failed to convert data to an object&#10;Build info: version: &apos;3.14.0&apos;, revision: &apos;aacccce0&apos;, time: &apos;2018-08-02T20:19:58.91Z&apos;&#10;System info: host: &apos;Be-Max&apos;, ip: &apos;127.0.1.1&apos;, os.name: &apos;Linux&apos;, os.arch: &apos;amd64&apos;, os.version: &apos;4.15.0-36-generic&apos;, java.version: &apos;1.8.0_181&apos;&#10;Driver info: org.openqa.selenium.firefox.FirefoxDriver&#10;Capabilities {acceptInsecureCerts: true, browserName: firefox, browserVersion: 62.0.3, javascriptEnabled: true, moz:accessibilityChecks: false, moz:headless: false, moz:processID: 4240, moz:profile: /tmp/rust_mozprofile.6agE2J..., moz:useNonSpecCompliantPointerOrigin: false, moz:webdriverClick: true, pageLoadStrategy: normal, platform: LINUX, platformName: LINUX, platformVersion: 4.15.0-36-generic, rotatable: false, timeouts: {implicit: 0, pageLoad: 300000, script: 30000}}&#10;Session ID: 75883e7f-6ad1-48aa-aa5a-d65a165f9fc3&#10;*** Element info: {Using=css selector, value=#root &gt; div &gt; div &gt; div.login-box-body &gt; form &gt; div:nth-child(1) &gt; input}" type="org.openqa.selenium.WebDriverException">org.openqa.selenium.WebDriverException: 
Failed to convert data to an object
Build info: version: '3.14.0', revision: 'aacccce0', time: '2018-08-02T20:19:58.91Z'
System info: host: 'Be-Max', ip: '127.0.1.1', os.name: 'Linux', os.arch: 'amd64', os.version: '4.15.0-36-generic', java.version: '1.8.0_181'
Driver info: org.openqa.selenium.firefox.FirefoxDriver
Capabilities {acceptInsecureCerts: true, browserName: firefox, browserVersion: 62.0.3, javascriptEnabled: true, moz:accessibilityChecks: false, moz:headless: false, moz:processID: 4240, moz:profile: /tmp/rust_mozprofile.6agE2J..., moz:useNonSpecCompliantPointerOrigin: false, moz:webdriverClick: true, pageLoadStrategy: normal, platform: LINUX, platformName: LINUX, platformVersion: 4.15.0-36-generic, rotatable: false, timeouts: {implicit: 0, pageLoad: 300000, script: 30000}}
Session ID: 75883e7f-6ad1-48aa-aa5a-d65a165f9fc3
*** Element info: {Using=css selector, value=#root > div > div > div.login-box-body > form > div:nth-child(1) > input}
	at asala.test.AsalaLoginTest.AddEmailEmptyAndPassword(AsalaLoginTest.java:17)
</failure>
    <system-err><![CDATA[1539537732876	geckodriver	INFO	geckodriver 0.20.1
1539537732926	geckodriver	INFO	Listening on 127.0.0.1:20356
1539537733348	mozrunner::runner	INFO	Running command: "/usr/lib/firefox/firefox" "-marionette" "-profile" "/tmp/rust_mozprofile.6agE2J6Zq1iG"
1539537743467	Marionette	INFO	Listening on port 36681
1539537743515	Marionette	WARN	TLS certificate errors will be ignored for this session
1539537743590	Marionette	DEBUG	[2147483649] Frame script loaded
1539537743660	Marionette	DEBUG	[2147483649] Frame script registered
Oct 14, 2018 7:22:23 PM org.openqa.selenium.remote.ProtocolHandshake createSession
INFO: Detected dialect: W3C
1539537744380	Marionette	DEBUG	[2147483649] Received DOM event beforeunload for about:blank
1539537749409	Marionette	DEBUG	[2147483649] Received DOM event pagehide for about:blank
1539537749429	Marionette	DEBUG	[2147483649] Received DOM event beforeunload for https://wifi.bibalex.org/guest/guestlogin.php?cmd=login&mac=f8:63:3f:e2:25:1b&ip=10.35.220.147&essid=BA%2DGuest&apname=PLAZA_3&apgroup=BA-Staff_Guest&url=https%3A%2F%2Fasala%2Ddashboard%2Eibtikar%2Enet%2Esa%2Fauth%2Flogin
1539537749434	Marionette	DEBUG	[2147483649] Received DOM event pageshow for https://wifi.bibalex.org/guest/guestlogin.php?cmd=login&mac=f8:63:3f:e2:25:1b&ip=10.35.220.147&essid=BA%2DGuest&apname=PLAZA_3&apgroup=BA-Staff_Guest&url=https%3A%2F%2Fasala%2Ddashboard%2Eibtikar%2Enet%2Esa%2Fauth%2Flogin
1539537749987	Marionette	DEBUG	[2147483649] Received DOM event DOMContentLoaded for https://wifi.bibalex.org/guest/guestlogin.php?cmd=login&mac=f8:63:3f:e2:25:1b&ip=10.35.220.147&essid=BA%2DGuest&apname=PLAZA_3&apgroup=BA-Staff_Guest&url=https%3A%2F%2Fasala%2Ddashboard%2Eibtikar%2Enet%2Esa%2Fauth%2Flogin
1539537750664	Marionette	DEBUG	[2147483649] Received DOM event unload for https://wifi.bibalex.org/guest/guestlogin.php?cmd=login&mac=f8:63:3f:e2:25:1b&ip=10.35.220.147&essid=BA%2DGuest&apname=PLAZA_3&apgroup=BA-Staff_Guest&url=https%3A%2F%2Fasala%2Ddashboard%2Eibtikar%2Enet%2Esa%2Fauth%2Flogin
1539537752952	Marionette	DEBUG	[2147483649] Received DOM event DOMContentLoaded for https://wifi.bibalex.org/guest/guestlogin.php?cmd=login&mac=f8:63:3f:e2:25:1b&ip=10.35.220.147&essid=BA%2DGuest&apname=PLAZA_3&apgroup=BA-Staff_Guest&url=https%3A%2F%2Fasala%2Ddashboard%2Eibtikar%2Enet%2Esa%2Fauth%2Flogin&_browser=1
1539537752969	Marionette	DEBUG	[2147483649] Received DOM event pageshow for https://wifi.bibalex.org/guest/guestlogin.php?cmd=login&mac=f8:63:3f:e2:25:1b&ip=10.35.220.147&essid=BA%2DGuest&apname=PLAZA_3&apgroup=BA-Staff_Guest&url=https%3A%2F%2Fasala%2Ddashboard%2Eibtikar%2Enet%2Esa%2Fauth%2Flogin&_browser=1
]]></system-err>
  </testcase>
  <testcase name="screenShootsOnFailure" classname="asala.test.AsalaLoginTest" time="7.853">
    <failure message="Failed to decode response from marionette&#10;Build info: version: &apos;3.14.0&apos;, revision: &apos;aacccce0&apos;, time: &apos;2018-08-02T20:19:58.91Z&apos;&#10;System info: host: &apos;Be-Max&apos;, ip: &apos;127.0.1.1&apos;, os.name: &apos;Linux&apos;, os.arch: &apos;amd64&apos;, os.version: &apos;4.15.0-36-generic&apos;, java.version: &apos;1.8.0_181&apos;&#10;Driver info: org.openqa.selenium.firefox.FirefoxDriver&#10;Capabilities {acceptInsecureCerts: true, browserName: firefox, browserVersion: 62.0.3, javascriptEnabled: true, moz:accessibilityChecks: false, moz:headless: false, moz:processID: 4240, moz:profile: /tmp/rust_mozprofile.6agE2J..., moz:useNonSpecCompliantPointerOrigin: false, moz:webdriverClick: true, pageLoadStrategy: normal, platform: LINUX, platformName: LINUX, platformVersion: 4.15.0-36-generic, rotatable: false, timeouts: {implicit: 0, pageLoad: 300000, script: 30000}}&#10;Session ID: 75883e7f-6ad1-48aa-aa5a-d65a165f9fc3" type="org.openqa.selenium.WebDriverException">org.openqa.selenium.WebDriverException: 
Failed to decode response from marionette
Build info: version: '3.14.0', revision: 'aacccce0', time: '2018-08-02T20:19:58.91Z'
System info: host: 'Be-Max', ip: '127.0.1.1', os.name: 'Linux', os.arch: 'amd64', os.version: '4.15.0-36-generic', java.version: '1.8.0_181'
Driver info: org.openqa.selenium.firefox.FirefoxDriver
Capabilities {acceptInsecureCerts: true, browserName: firefox, browserVersion: 62.0.3, javascriptEnabled: true, moz:accessibilityChecks: false, moz:headless: false, moz:processID: 4240, moz:profile: /tmp/rust_mozprofile.6agE2J..., moz:useNonSpecCompliantPointerOrigin: false, moz:webdriverClick: true, pageLoadStrategy: normal, platform: LINUX, platformName: LINUX, platformVersion: 4.15.0-36-generic, rotatable: false, timeouts: {implicit: 0, pageLoad: 300000, script: 30000}}
Session ID: 75883e7f-6ad1-48aa-aa5a-d65a165f9fc3
</failure>
    <system-out><![CDATA[Failed!
Taking ScreenShot.......
]]></system-out>
    <system-err><![CDATA[1539537760263	Marionette	INFO	Stopped listening on port 36681
]]></system-err>
  </testcase>
  <testcase name="screenShootsOnFailure" classname="asala.test.AsalaLoginTest" time="0">
    <skipped/>
  </testcase>
  <testcase name="screenShootsOnFailure" classname="asala.test.AsalaLoginTest" time="0">
    <skipped/>
  </testcase>
  <testcase name="screenShootsOnFailure" classname="asala.test.AsalaLoginTest" time="0">
    <skipped/>
  </testcase>
  <testcase name="screenShootsOnFailure" classname="asala.test.AsalaLoginTest" time="0">
    <skipped/>
  </testcase>
  <testcase name="screenShootsOnFailure" classname="asala.test.AsalaLoginTest" time="0">
    <skipped/>
  </testcase>
  <testcase name="screenShootsOnFailure" classname="asala.test.AsalaLoginTest" time="0">
    <skipped/>
  </testcase>
  <testcase name="AddEmailEmptyButAddPasword" classname="asala.test.AsalaLoginTest" time="0">
    <skipped message="Failed to decode response from marionette&#10;Build info: version: &apos;3.14.0&apos;, revision: &apos;aacccce0&apos;, time: &apos;2018-08-02T20:19:58.91Z&apos;&#10;System info: host: &apos;Be-Max&apos;, ip: &apos;127.0.1.1&apos;, os.name: &apos;Linux&apos;, os.arch: &apos;amd64&apos;, os.version: &apos;4.15.0-36-generic&apos;, java.version: &apos;1.8.0_181&apos;&#10;Driver info: org.openqa.selenium.firefox.FirefoxDriver&#10;Capabilities {acceptInsecureCerts: true, browserName: firefox, browserVersion: 62.0.3, javascriptEnabled: true, moz:accessibilityChecks: false, moz:headless: false, moz:processID: 4240, moz:profile: /tmp/rust_mozprofile.6agE2J..., moz:useNonSpecCompliantPointerOrigin: false, moz:webdriverClick: true, pageLoadStrategy: normal, platform: LINUX, platformName: LINUX, platformVersion: 4.15.0-36-generic, rotatable: false, timeouts: {implicit: 0, pageLoad: 300000, script: 30000}}&#10;Session ID: 75883e7f-6ad1-48aa-aa5a-d65a165f9fc3"/>
  </testcase>
  <testcase name="AddEmailButAddPaswordEmpty" classname="asala.test.AsalaLoginTest" time="0">
    <skipped message="Failed to decode response from marionette&#10;Build info: version: &apos;3.14.0&apos;, revision: &apos;aacccce0&apos;, time: &apos;2018-08-02T20:19:58.91Z&apos;&#10;System info: host: &apos;Be-Max&apos;, ip: &apos;127.0.1.1&apos;, os.name: &apos;Linux&apos;, os.arch: &apos;amd64&apos;, os.version: &apos;4.15.0-36-generic&apos;, java.version: &apos;1.8.0_181&apos;&#10;Driver info: org.openqa.selenium.firefox.FirefoxDriver&#10;Capabilities {acceptInsecureCerts: true, browserName: firefox, browserVersion: 62.0.3, javascriptEnabled: true, moz:accessibilityChecks: false, moz:headless: false, moz:processID: 4240, moz:profile: /tmp/rust_mozprofile.6agE2J..., moz:useNonSpecCompliantPointerOrigin: false, moz:webdriverClick: true, pageLoadStrategy: normal, platform: LINUX, platformName: LINUX, platformVersion: 4.15.0-36-generic, rotatable: false, timeouts: {implicit: 0, pageLoad: 300000, script: 30000}}&#10;Session ID: 75883e7f-6ad1-48aa-aa5a-d65a165f9fc3"/>
  </testcase>
  <testcase name="AddWrongEmailButVaildPassword" classname="asala.test.AsalaLoginTest" time="0">
    <skipped message="Failed to decode response from marionette&#10;Build info: version: &apos;3.14.0&apos;, revision: &apos;aacccce0&apos;, time: &apos;2018-08-02T20:19:58.91Z&apos;&#10;System info: host: &apos;Be-Max&apos;, ip: &apos;127.0.1.1&apos;, os.name: &apos;Linux&apos;, os.arch: &apos;amd64&apos;, os.version: &apos;4.15.0-36-generic&apos;, java.version: &apos;1.8.0_181&apos;&#10;Driver info: org.openqa.selenium.firefox.FirefoxDriver&#10;Capabilities {acceptInsecureCerts: true, browserName: firefox, browserVersion: 62.0.3, javascriptEnabled: true, moz:accessibilityChecks: false, moz:headless: false, moz:processID: 4240, moz:profile: /tmp/rust_mozprofile.6agE2J..., moz:useNonSpecCompliantPointerOrigin: false, moz:webdriverClick: true, pageLoadStrategy: normal, platform: LINUX, platformName: LINUX, platformVersion: 4.15.0-36-generic, rotatable: false, timeouts: {implicit: 0, pageLoad: 300000, script: 30000}}&#10;Session ID: 75883e7f-6ad1-48aa-aa5a-d65a165f9fc3"/>
  </testcase>
  <testcase name="AddValidEmailButWrongPasswordPassword" classname="asala.test.AsalaLoginTest" time="0">
    <skipped message="Failed to decode response from marionette&#10;Build info: version: &apos;3.14.0&apos;, revision: &apos;aacccce0&apos;, time: &apos;2018-08-02T20:19:58.91Z&apos;&#10;System info: host: &apos;Be-Max&apos;, ip: &apos;127.0.1.1&apos;, os.name: &apos;Linux&apos;, os.arch: &apos;amd64&apos;, os.version: &apos;4.15.0-36-generic&apos;, java.version: &apos;1.8.0_181&apos;&#10;Driver info: org.openqa.selenium.firefox.FirefoxDriver&#10;Capabilities {acceptInsecureCerts: true, browserName: firefox, browserVersion: 62.0.3, javascriptEnabled: true, moz:accessibilityChecks: false, moz:headless: false, moz:processID: 4240, moz:profile: /tmp/rust_mozprofile.6agE2J..., moz:useNonSpecCompliantPointerOrigin: false, moz:webdriverClick: true, pageLoadStrategy: normal, platform: LINUX, platformName: LINUX, platformVersion: 4.15.0-36-generic, rotatable: false, timeouts: {implicit: 0, pageLoad: 300000, script: 30000}}&#10;Session ID: 75883e7f-6ad1-48aa-aa5a-d65a165f9fc3"/>
  </testcase>
  <testcase name="AddValidEmailAndPasswordInActiveUSer" classname="asala.test.AsalaLoginTest" time="0">
    <skipped message="Failed to decode response from marionette&#10;Build info: version: &apos;3.14.0&apos;, revision: &apos;aacccce0&apos;, time: &apos;2018-08-02T20:19:58.91Z&apos;&#10;System info: host: &apos;Be-Max&apos;, ip: &apos;127.0.1.1&apos;, os.name: &apos;Linux&apos;, os.arch: &apos;amd64&apos;, os.version: &apos;4.15.0-36-generic&apos;, java.version: &apos;1.8.0_181&apos;&#10;Driver info: org.openqa.selenium.firefox.FirefoxDriver&#10;Capabilities {acceptInsecureCerts: true, browserName: firefox, browserVersion: 62.0.3, javascriptEnabled: true, moz:accessibilityChecks: false, moz:headless: false, moz:processID: 4240, moz:profile: /tmp/rust_mozprofile.6agE2J..., moz:useNonSpecCompliantPointerOrigin: false, moz:webdriverClick: true, pageLoadStrategy: normal, platform: LINUX, platformName: LINUX, platformVersion: 4.15.0-36-generic, rotatable: false, timeouts: {implicit: 0, pageLoad: 300000, script: 30000}}&#10;Session ID: 75883e7f-6ad1-48aa-aa5a-d65a165f9fc3"/>
  </testcase>
  <testcase name="AddValidEmailAndPasswordActiveUSerSuperAdmin" classname="asala.test.AsalaLoginTest" time="0">
    <skipped message="Failed to decode response from marionette&#10;Build info: version: &apos;3.14.0&apos;, revision: &apos;aacccce0&apos;, time: &apos;2018-08-02T20:19:58.91Z&apos;&#10;System info: host: &apos;Be-Max&apos;, ip: &apos;127.0.1.1&apos;, os.name: &apos;Linux&apos;, os.arch: &apos;amd64&apos;, os.version: &apos;4.15.0-36-generic&apos;, java.version: &apos;1.8.0_181&apos;&#10;Driver info: org.openqa.selenium.firefox.FirefoxDriver&#10;Capabilities {acceptInsecureCerts: true, browserName: firefox, browserVersion: 62.0.3, javascriptEnabled: true, moz:accessibilityChecks: false, moz:headless: false, moz:processID: 4240, moz:profile: /tmp/rust_mozprofile.6agE2J..., moz:useNonSpecCompliantPointerOrigin: false, moz:webdriverClick: true, pageLoadStrategy: normal, platform: LINUX, platformName: LINUX, platformVersion: 4.15.0-36-generic, rotatable: false, timeouts: {implicit: 0, pageLoad: 300000, script: 30000}}&#10;Session ID: 75883e7f-6ad1-48aa-aa5a-d65a165f9fc3"/>
  </testcase>
  <testcase name="stopDriver" classname="asala.test.AsalaLoginTest" time="8.034">
    <failure message="Tried to run command without establishing a connection&#10;Build info: version: &apos;3.14.0&apos;, revision: &apos;aacccce0&apos;, time: &apos;2018-08-02T20:19:58.91Z&apos;&#10;System info: host: &apos;Be-Max&apos;, ip: &apos;127.0.1.1&apos;, os.name: &apos;Linux&apos;, os.arch: &apos;amd64&apos;, os.version: &apos;4.15.0-36-generic&apos;, java.version: &apos;1.8.0_181&apos;&#10;Driver info: org.openqa.selenium.firefox.FirefoxDriver&#10;Capabilities {acceptInsecureCerts: true, browserName: firefox, browserVersion: 62.0.3, javascriptEnabled: true, moz:accessibilityChecks: false, moz:headless: false, moz:processID: 4240, moz:profile: /tmp/rust_mozprofile.6agE2J..., moz:useNonSpecCompliantPointerOrigin: false, moz:webdriverClick: true, pageLoadStrategy: normal, platform: LINUX, platformName: LINUX, platformVersion: 4.15.0-36-generic, rotatable: false, timeouts: {implicit: 0, pageLoad: 300000, script: 30000}}&#10;Session ID: 75883e7f-6ad1-48aa-aa5a-d65a165f9fc3" type="org.openqa.selenium.SessionNotCreatedException">org.openqa.selenium.SessionNotCreatedException: 
Tried to run command without establishing a connection
Build info: version: '3.14.0', revision: 'aacccce0', time: '2018-08-02T20:19:58.91Z'
System info: host: 'Be-Max', ip: '127.0.1.1', os.name: 'Linux', os.arch: 'amd64', os.version: '4.15.0-36-generic', java.version: '1.8.0_181'
Driver info: org.openqa.selenium.firefox.FirefoxDriver
Capabilities {acceptInsecureCerts: true, browserName: firefox, browserVersion: 62.0.3, javascriptEnabled: true, moz:accessibilityChecks: false, moz:headless: false, moz:processID: 4240, moz:profile: /tmp/rust_mozprofile.6agE2J..., moz:useNonSpecCompliantPointerOrigin: false, moz:webdriverClick: true, pageLoadStrategy: normal, platform: LINUX, platformName: LINUX, platformVersion: 4.15.0-36-generic, rotatable: false, timeouts: {implicit: 0, pageLoad: 300000, script: 30000}}
Session ID: 75883e7f-6ad1-48aa-aa5a-d65a165f9fc3
</failure>
  </testcase>
</testsuite>