<?xml version="1.0" encoding="UTF-8"?>
<!-- Generated by org.testng.reporters.JUnitReportReporter -->
<testsuite skipped="0" hostname="Be-Max" name="asala.test.AsalaTestBase" tests="1" failures="0" timestamp="01 Nov 2018 17:02:33 GMT" time="15.825" errors="0">
  <testcase name="startDriver" time="15.825" classname="asala.test.AsalaTestBase"/>
</testsuite> <!-- asala.test.AsalaTestBase -->
