<?xml version="1.0" encoding="UTF-8"?>
<!-- Generated by org.testng.reporters.JUnitReportReporter -->
<testsuite skipped="0" hostname="Be-Max" name="asala.test.AsalaLoginTest" tests="17" failures="0" timestamp="18 Oct 2018 13:53:43 GMT" time="22.843" errors="0">
  <testcase name="AddEmailEmptyAndPassword" time="0.428" classname="asala.test.AsalaLoginTest"/>
  <testcase name="AddEmailEmptyWrongFormat" time="0.340" classname="asala.test.AsalaLoginTest"/>
  <testcase name="AddEmailEmptyButAddPasword" time="0.365" classname="asala.test.AsalaLoginTest"/>
  <testcase name="AddEmailButAddPaswordEmpty" time="0.367" classname="asala.test.AsalaLoginTest"/>
  <testcase name="AddWrongEmailButVaildPassword" time="0.341" classname="asala.test.AsalaLoginTest"/>
  <testcase name="AddValidEmailButWrongPasswordPassword" time="0.582" classname="asala.test.AsalaLoginTest"/>
  <testcase name="AddValidEmailAndPasswordInActiveUSer" time="3.359" classname="asala.test.AsalaLoginTest"/>
  <testcase name="AddEmailEmptyAndPasswordAr" time="2.617" classname="asala.test.AsalaLoginTest"/>
  <testcase name="AddEmailEmptyWrongFormatAr" time="0.580" classname="asala.test.AsalaLoginTest"/>
  <testcase name="AddEmailEmptyButAddPaswordAr" time="0.333" classname="asala.test.AsalaLoginTest"/>
  <testcase name="AddEmailButAddPaswordEmptyAr" time="0.366" classname="asala.test.AsalaLoginTest"/>
  <testcase name="AddWrongEmailButVaildPasswordAr" time="0.362" classname="asala.test.AsalaLoginTest"/>
  <testcase name="AddValidEmailButWrongPasswordPasswordAr" time="0.793" classname="asala.test.AsalaLoginTest"/>
  <testcase name="AddValidEmailAndPasswordInActiveUSerAr" time="1.384" classname="asala.test.AsalaLoginTest"/>
  <testcase name="AddValidEmailAndPasswordActiveUSerSuperAdmin" time="4.388" classname="asala.test.AsalaLoginTest"/>
  <testcase name="AddValidEmailAndPasswordActiveUSerMallAdmin" time="5.881" classname="asala.test.AsalaLoginTest"/>
  <testcase name="AddValidEmailAndPasswordActiveUSerStoreAdmin" time="0.357" classname="asala.test.AsalaLoginTest"/>
</testsuite> <!-- asala.test.AsalaLoginTest -->
