<?xml version="1.0" encoding="UTF-8"?>
<!-- Generated by org.testng.reporters.JUnitReportReporter -->
<testsuite skipped="0" hostname="Be-Max" name="asala.test.AsalaAddNewCategoryTest" tests="11" failures="0" timestamp="29 Oct 2018 17:08:34 GMT" time="22.044" errors="0">
  <testcase name="MakeLoginAndSelectMallAsSuuperAdmin" time="1.324" classname="asala.test.AsalaAddNewCategoryTest"/>
  <testcase name="UserAddNameEnEmptyAndNameArEmpty" time="0.451" classname="asala.test.AsalaAddNewCategoryTest"/>
  <testcase name="UserAddNameEnAndNameArLessThanThreecharacter" time="0.279" classname="asala.test.AsalaAddNewCategoryTest"/>
  <testcase name="UserAddNameEnAndNameArMoreThanMaxcharacter" time="1.391" classname="asala.test.AsalaAddNewCategoryTest"/>
  <testcase name="UserAddNameEnAndNameArEmpty" time="14.210" classname="asala.test.AsalaAddNewCategoryTest"/>
  <testcase name="UserAddNameEnAndName" time="1.023" classname="asala.test.AsalaAddNewCategoryTest"/>
  <testcase name="UserAddNameEnEmptyAndNameArEmptyAr" time="0.507" classname="asala.test.AsalaAddNewCategoryTest"/>
  <testcase name="UserAddNameEnAndNameArLessThanThreecharacterAr" time="0.333" classname="asala.test.AsalaAddNewCategoryTest"/>
  <testcase name="UserAddNameEnAndNameArMoreThanMaxcharacterAr" time="1.395" classname="asala.test.AsalaAddNewCategoryTest"/>
  <testcase name="UserAddNameEnAndNameArEmptyAr" time="0.449" classname="asala.test.AsalaAddNewCategoryTest"/>
  <testcase name="UserAddNameEnAndNameAr" time="0.682" classname="asala.test.AsalaAddNewCategoryTest"/>
</testsuite> <!-- asala.test.AsalaAddNewCategoryTest -->
