<?xml version="1.0" encoding="UTF-8"?>
<!-- Generated by org.testng.reporters.JUnitReportReporter -->
<testsuite skipped="0" hostname="Be-Max" name="asala.test.AsalaTestBase" tests="1" failures="0" timestamp="10 Oct 2018 14:14:13 GMT" time="3.065" errors="0">
  <testcase name="startDriver" time="3.065" classname="asala.test.AsalaTestBase"/>
</testsuite> <!-- asala.test.AsalaTestBase -->
