<?xml version="1.0" encoding="UTF-8"?>
<!-- Generated by org.testng.reporters.JUnitReportReporter -->
<testsuite skipped="0" hostname="Be-Max" name="asala.test.AsalaMangeMallsTest" tests="5" failures="0"
           timestamp="30 Oct 2018 18:49:18 GMT" time="10.461" errors="0">
    <testcase name="MakeLogint" time="1.201" classname="asala.test.AsalaMangeMallsTest"/>
    <testcase name="DeactiveKadiMallEn" time="2.698" classname="asala.test.AsalaMangeMallsTest"/>
    <testcase name="ActiveKadiMallEn" time="1.727" classname="asala.test.AsalaMangeMallsTest"/>
    <testcase name="DeactiveKadiMallAr" time="2.621" classname="asala.test.AsalaMangeMallsTest"/>
    <testcase name="ActiveKadiMallAr" time="2.214" classname="asala.test.AsalaMangeMallsTest"/>
</testsuite> <!-- asala.test.AsalaMangeMallsTest -->
