<?xml version="1.0" encoding="UTF-8"?>
<!-- Generated by org.testng.reporters.JUnitReportReporter -->
<testsuite skipped="0" hostname="Be-Max" name="asala.test.AsalaLoginTest" tests="17" failures="1" timestamp="16 Oct 2018 14:42:32 GMT" time="16.373" errors="0">
  <testcase name="AddEmailEmptyAndPassword" time="0.384" classname="asala.test.AsalaLoginTest"/>
  <testcase name="AddEmailEmptyWrongFormat" time="0.325" classname="asala.test.AsalaLoginTest"/>
  <testcase name="AddEmailEmptyButAddPasword" time="0.322" classname="asala.test.AsalaLoginTest"/>
  <testcase name="AddEmailButAddPaswordEmpty" time="0.330" classname="asala.test.AsalaLoginTest"/>
  <testcase name="AddWrongEmailButVaildPassword" time="0.316" classname="asala.test.AsalaLoginTest"/>
  <testcase name="AddValidEmailButWrongPasswordPassword" time="1.350" classname="asala.test.AsalaLoginTest"/>
  <testcase name="AddValidEmailAndPasswordInActiveUSer" time="2.338" classname="asala.test.AsalaLoginTest"/>
  <testcase name="AddEmailEmptyAndPasswordAr" time="1.529" classname="asala.test.AsalaLoginTest">
    <failure type="java.lang.AssertionError" message="expected [true] but found [false]">
      <![CDATA[java.lang.AssertionError: expected [true] but found [false]
at org.testng.Assert.fail(Assert.java:96)
at org.testng.Assert.failNotEquals(Assert.java:776)
at org.testng.Assert.assertTrue(Assert.java:44)
at org.testng.Assert.assertTrue(Assert.java:54)
at asala.test.AsalaLoginTest.AddEmailEmptyAndPasswordAr(AsalaLoginTest.java:100)
at sun.reflect.NativeMethodAccessorImpl.invoke0(Native Method)
at sun.reflect.NativeMethodAccessorImpl.invoke(NativeMethodAccessorImpl.java:62)
at sun.reflect.DelegatingMethodAccessorImpl.invoke(DelegatingMethodAccessorImpl.java:43)
at java.lang.reflect.Method.invoke(Method.java:498)
at org.testng.internal.MethodInvocationHelper.invokeMethod(MethodInvocationHelper.java:124)
at org.testng.internal.Invoker.invokeMethod(Invoker.java:583)
at org.testng.internal.Invoker.invokeTestMethod(Invoker.java:719)
at org.testng.internal.Invoker.invokeTestMethods(Invoker.java:989)
at org.testng.internal.TestMethodWorker.invokeTestMethods(TestMethodWorker.java:125)
at org.testng.internal.TestMethodWorker.run(TestMethodWorker.java:109)
at org.testng.TestRunner.privateRun(TestRunner.java:648)
at org.testng.TestRunner.run(TestRunner.java:505)
at org.testng.SuiteRunner.runTest(SuiteRunner.java:455)
at org.testng.SuiteRunner.runSequentially(SuiteRunner.java:450)
at org.testng.SuiteRunner.privateRun(SuiteRunner.java:415)
at org.testng.SuiteRunner.run(SuiteRunner.java:364)
at org.testng.SuiteRunnerWorker.runSuite(SuiteRunnerWorker.java:52)
at org.testng.SuiteRunnerWorker.run(SuiteRunnerWorker.java:84)
at org.testng.TestNG.runSuitesSequentially(TestNG.java:1208)
at org.testng.TestNG.runSuitesLocally(TestNG.java:1137)
at org.testng.TestNG.runSuites(TestNG.java:1049)
at org.testng.TestNG.run(TestNG.java:1017)
at org.testng.remote.AbstractRemoteTestNG.run(AbstractRemoteTestNG.java:114)
at org.testng.remote.RemoteTestNG.initAndRun(RemoteTestNG.java:251)
at org.testng.remote.RemoteTestNG.main(RemoteTestNG.java:77)
]]>
    </failure>
  </testcase> <!-- AddEmailEmptyAndPasswordAr -->
  <testcase name="AddEmailEmptyWrongFormatAr" time="0.623" classname="asala.test.AsalaLoginTest"/>
  <testcase name="AddEmailEmptyButAddPaswordAr" time="0.306" classname="asala.test.AsalaLoginTest"/>
  <testcase name="AddEmailButAddPaswordEmptyAr" time="0.319" classname="asala.test.AsalaLoginTest"/>
  <testcase name="AddWrongEmailButVaildPasswordAr" time="0.338" classname="asala.test.AsalaLoginTest"/>
  <testcase name="AddValidEmailButWrongPasswordPasswordAr" time="0.505" classname="asala.test.AsalaLoginTest"/>
  <testcase name="AddValidEmailAndPasswordInActiveUSerAr" time="1.305" classname="asala.test.AsalaLoginTest"/>
  <testcase name="AddValidEmailAndPasswordActiveUSerSuperAdmin" time="2.604" classname="asala.test.AsalaLoginTest"/>
  <testcase name="AddValidEmailAndPasswordActiveUSerMallAdmin" time="3.088" classname="asala.test.AsalaLoginTest"/>
  <testcase name="AddValidEmailAndPasswordActiveUSerStoreAdmin" time="0.391" classname="asala.test.AsalaLoginTest"/>
</testsuite> <!-- asala.test.AsalaLoginTest -->
