<?xml version="1.0" encoding="UTF-8"?>
<!-- Generated by org.testng.reporters.JUnitReportReporter -->
<testsuite skipped="0" hostname="Be-Max" name="asala.test.AsalaEditAccountTest" tests="29" failures="0"
           timestamp="30 Oct 2018 18:37:49 GMT" time="95.439" errors="1">
    <testcase name="MakeLogin" time="2.470" classname="asala.test.AsalaEditAccountTest"/>
    <testcase name="UserAddNameFiledEmpty" time="3.761" classname="asala.test.AsalaEditAccountTest"/>
    <testcase name="UserAddNameFiledMore30Char" time="0.858" classname="asala.test.AsalaEditAccountTest"/>
    <testcase name="UserAddNameFiledLess3Char" time="0.516" classname="asala.test.AsalaEditAccountTest"/>
    <testcase name="UserAddEmptyEmail" time="5.754" classname="asala.test.AsalaEditAccountTest"/>
    <testcase name="UserAddWrongEmail" time="0.787" classname="asala.test.AsalaEditAccountTest"/>
    <testcase name="UserClearNameAndEmail" time="5.519" classname="asala.test.AsalaEditAccountTest"/>
    <testcase name="UserAddValidEmailAndName" time="0.909" classname="asala.test.AsalaEditAccountTest"/>
    <testcase name="UserAddOldPasswordButEmptyNewandConfirm" time="16.526" classname="asala.test.AsalaEditAccountTest">
        <error type="org.openqa.selenium.NoSuchElementException" message="Unable to locate element: #error\-msg\-new_password
For documentation on this error, please visit: http://seleniumhq.org/exceptions/no_such_element.html
Build info: version: &#039;3.14.0&#039;, revision: &#039;aacccce0&#039;, time: &#039;2018-08-02T20:19:58.91Z&#039;
System info: host: &#039;Be-Max&#039;, ip: &#039;127.0.1.1&#039;, os.name: &#039;Linux&#039;, os.arch: &#039;amd64&#039;, os.version: &#039;4.15.0-38-generic&#039;, java.version: &#039;1.8.0_181&#039;
Driver info: org.openqa.selenium.firefox.FirefoxDriver
Capabilities {acceptInsecureCerts: true, browserName: firefox, browserVersion: 63.0, javascriptEnabled: true, moz:accessibilityChecks: false, moz:geckodriverVersion: 0.23.0, moz:headless: false, moz:processID: 11029, moz:profile: /tmp/rust_mozprofile.3OlZdR..., moz:useNonSpecCompliantPointerOrigin: false, moz:webdriverClick: true, pageLoadStrategy: normal, platform: LINUX, platformName: LINUX, platformVersion: 4.15.0-38-generic, rotatable: false, setWindowRect: true, timeouts: {implicit: 0, pageLoad: 300000, script: 30000}, unhandledPromptBehavior: dismiss and notify}
Session ID: d4aca5b3-83f4-40bd-90bb-81ed43ec99cf
*** Element info: {Using=id, value=error-msg-new_password}">
            <![CDATA[org.openqa.selenium.NoSuchElementException: Unable to locate element: #error\-msg\-new_password
For documentation on this error, please visit: http://seleniumhq.org/exceptions/no_such_element.html
Build info: version: '3.14.0', revision: 'aacccce0', time: '2018-08-02T20:19:58.91Z'
System info: host: 'Be-Max', ip: '127.0.1.1', os.name: 'Linux', os.arch: 'amd64', os.version: '4.15.0-38-generic', java.version: '1.8.0_181'
Driver info: org.openqa.selenium.firefox.FirefoxDriver
Capabilities {acceptInsecureCerts: true, browserName: firefox, browserVersion: 63.0, javascriptEnabled: true, moz:accessibilityChecks: false, moz:geckodriverVersion: 0.23.0, moz:headless: false, moz:processID: 11029, moz:profile: /tmp/rust_mozprofile.3OlZdR..., moz:useNonSpecCompliantPointerOrigin: false, moz:webdriverClick: true, pageLoadStrategy: normal, platform: LINUX, platformName: LINUX, platformVersion: 4.15.0-38-generic, rotatable: false, setWindowRect: true, timeouts: {implicit: 0, pageLoad: 300000, script: 30000}, unhandledPromptBehavior: dismiss and notify}
Session ID: d4aca5b3-83f4-40bd-90bb-81ed43ec99cf
*** Element info: {Using=id, value=error-msg-new_password}
at sun.reflect.NativeConstructorAccessorImpl.newInstance0(Native Method)
at sun.reflect.NativeConstructorAccessorImpl.newInstance(NativeConstructorAccessorImpl.java:62)
at sun.reflect.DelegatingConstructorAccessorImpl.newInstance(DelegatingConstructorAccessorImpl.java:45)
at java.lang.reflect.Constructor.newInstance(Constructor.java:423)
at org.openqa.selenium.remote.http.W3CHttpResponseCodec.createException(W3CHttpResponseCodec.java:187)
at org.openqa.selenium.remote.http.W3CHttpResponseCodec.decode(W3CHttpResponseCodec.java:122)
at org.openqa.selenium.remote.http.W3CHttpResponseCodec.decode(W3CHttpResponseCodec.java:49)
at org.openqa.selenium.remote.HttpCommandExecutor.execute(HttpCommandExecutor.java:158)
at org.openqa.selenium.remote.service.DriverCommandExecutor.execute(DriverCommandExecutor.java:83)
at org.openqa.selenium.remote.RemoteWebDriver.execute(RemoteWebDriver.java:548)
at org.openqa.selenium.remote.RemoteWebDriver.findElement(RemoteWebDriver.java:322)
at org.openqa.selenium.remote.RemoteWebDriver.findElementById(RemoteWebDriver.java:368)
at org.openqa.selenium.By$ById.findElement(By.java:188)
at org.openqa.selenium.remote.RemoteWebDriver.findElement(RemoteWebDriver.java:314)
at org.openqa.selenium.support.pagefactory.DefaultElementLocator.findElement(DefaultElementLocator.java:69)
at org.openqa.selenium.support.pagefactory.internal.LocatingElementHandler.invoke(LocatingElementHandler.java:38)
at com.sun.proxy.$Proxy11.getText(Unknown Source)
at asala.test.AsalaEditAccountTest.UserAddOldPasswordButEmptyNewandConfirm(AsalaEditAccountTest.java:111)
at sun.reflect.NativeMethodAccessorImpl.invoke0(Native Method)
at sun.reflect.NativeMethodAccessorImpl.invoke(NativeMethodAccessorImpl.java:62)
at sun.reflect.DelegatingMethodAccessorImpl.invoke(DelegatingMethodAccessorImpl.java:43)
at java.lang.reflect.Method.invoke(Method.java:498)
at org.testng.internal.MethodInvocationHelper.invokeMethod(MethodInvocationHelper.java:124)
at org.testng.internal.Invoker.invokeMethod(Invoker.java:583)
at org.testng.internal.Invoker.invokeTestMethod(Invoker.java:719)
at org.testng.internal.Invoker.invokeTestMethods(Invoker.java:989)
at org.testng.internal.TestMethodWorker.invokeTestMethods(TestMethodWorker.java:125)
at org.testng.internal.TestMethodWorker.run(TestMethodWorker.java:109)
at org.testng.TestRunner.privateRun(TestRunner.java:648)
at org.testng.TestRunner.run(TestRunner.java:505)
at org.testng.SuiteRunner.runTest(SuiteRunner.java:455)
at org.testng.SuiteRunner.runSequentially(SuiteRunner.java:450)
at org.testng.SuiteRunner.privateRun(SuiteRunner.java:415)
at org.testng.SuiteRunner.run(SuiteRunner.java:364)
at org.testng.SuiteRunnerWorker.runSuite(SuiteRunnerWorker.java:52)
at org.testng.SuiteRunnerWorker.run(SuiteRunnerWorker.java:84)
at org.testng.TestNG.runSuitesSequentially(TestNG.java:1208)
at org.testng.TestNG.runSuitesLocally(TestNG.java:1137)
at org.testng.TestNG.runSuites(TestNG.java:1049)
at org.testng.TestNG.run(TestNG.java:1017)
at org.testng.remote.AbstractRemoteTestNG.run(AbstractRemoteTestNG.java:114)
at org.testng.remote.RemoteTestNG.initAndRun(RemoteTestNG.java:251)
at org.testng.remote.RemoteTestNG.main(RemoteTestNG.java:77)
]]>
        </error>
    </testcase> <!-- UserAddOldPasswordButEmptyNewandConfirm -->
    <testcase name="UserAddOldPasswordWrongAndAddNewPasswordValid" time="3.881"
              classname="asala.test.AsalaEditAccountTest"/>
    <testcase name="UserAddNewPasswordButNoConfirm" time="3.376" classname="asala.test.AsalaEditAccountTest"/>
    <testcase name="UserAddNewPasswordButEmptyOldAndConfirm" time="3.345" classname="asala.test.AsalaEditAccountTest"/>
    <testcase name="UserAddConfirmPasswordButEmptyOldAndNew" time="0.311" classname="asala.test.AsalaEditAccountTest"/>
    <testcase name="UserAddOldWrongAndNewMatchWithWrong" time="3.357" classname="asala.test.AsalaEditAccountTest"/>
    <testcase name="ChangePassword" time="0.825" classname="asala.test.AsalaEditAccountTest"/>
    <testcase name="ChangePasswordAgain" time="3.834" classname="asala.test.AsalaEditAccountTest"/>
    <testcase name="UserAddNameFiledEmptyAr" time="4.470" classname="asala.test.AsalaEditAccountTest"/>
    <testcase name="UserAddNameFiledMore30CharAr" time="0.834" classname="asala.test.AsalaEditAccountTest"/>
    <testcase name="UserAddNameFiledLess3CharAr" time="0.506" classname="asala.test.AsalaEditAccountTest"/>
    <testcase name="UserAddEmptyEmailAr" time="5.763" classname="asala.test.AsalaEditAccountTest"/>
    <testcase name="UserAddWrongEmailAr" time="5.799" classname="asala.test.AsalaEditAccountTest"/>
    <testcase name="UserClearNameAndEmailAr" time="5.796" classname="asala.test.AsalaEditAccountTest"/>
    <testcase name="UserAddValidEmailAndNameAr" time="0.878" classname="asala.test.AsalaEditAccountTest"/>
    <testcase name="UserAddOldPasswordButEmptyNewandConfirmAr" time="6.537"
              classname="asala.test.AsalaEditAccountTest"/>
    <testcase name="UserAddOldPasswordWrongAndAddNewPasswordValidAr" time="0.845"
              classname="asala.test.AsalaEditAccountTest"/>
    <testcase name="UserAddNewPasswordButNoConfirmAr" time="0.506" classname="asala.test.AsalaEditAccountTest"/>
    <testcase name="UserAddNewPasswordButEmptyOldAndConfirmAr" time="0.659"
              classname="asala.test.AsalaEditAccountTest"/>
    <testcase name="UserAddConfirmPasswordButEmptyOldAndNewAr" time="0.337"
              classname="asala.test.AsalaEditAccountTest"/>
    <testcase name="UserAddOldWrongAndNewMatchWithWrongAr" time="6.480" classname="asala.test.AsalaEditAccountTest"/>
</testsuite> <!-- asala.test.AsalaEditAccountTest -->
