<?xml version="1.0" encoding="UTF-8"?>
<!-- Generated by org.testng.reporters.JUnitReportReporter -->
<testsuite skipped="0" hostname="Be-Max" name="asala.test.AsalaHomeTest" tests="1" failures="0" timestamp="04 Oct 2018 09:34:24 GMT" time="0.008" errors="0">
  <testcase name="FirstTestCase" time="0.008" classname="asala.test.AsalaHomeTest"/>
</testsuite> <!-- asala.test.AsalaHomeTest -->
