<?xml version="1.0" encoding="UTF-8"?>
<!-- Generated by org.testng.reporters.JUnitReportReporter -->
<testsuite skipped="0" hostname="Be-Max" name="asala.test.AsalaEditAccountTest" tests="29" failures="0" timestamp="22 Oct 2018 13:10:59 GMT" time="91.945" errors="0">
  <testcase name="MakeLogin" time="2.959" classname="asala.test.AsalaEditAccountTest"/>
  <testcase name="UserAddNameFiledEmpty" time="3.777" classname="asala.test.AsalaEditAccountTest"/>
  <testcase name="UserAddNameFiledMore30Char" time="0.870" classname="asala.test.AsalaEditAccountTest"/>
  <testcase name="UserAddNameFiledLess3Char" time="0.506" classname="asala.test.AsalaEditAccountTest"/>
  <testcase name="UserAddEmptyEmail" time="5.765" classname="asala.test.AsalaEditAccountTest"/>
  <testcase name="UserAddWrongEmail" time="0.769" classname="asala.test.AsalaEditAccountTest"/>
  <testcase name="UserClearNameAndEmail" time="5.514" classname="asala.test.AsalaEditAccountTest"/>
  <testcase name="UserAddValidEmailAndName" time="0.837" classname="asala.test.AsalaEditAccountTest"/>
  <testcase name="UserAddOldPasswordButEmptyNewandConfirm" time="6.540" classname="asala.test.AsalaEditAccountTest"/>
  <testcase name="UserAddOldPasswordWrongAndAddNewPasswordValid" time="3.865" classname="asala.test.AsalaEditAccountTest"/>
  <testcase name="UserAddNewPasswordButNoConfirm" time="3.846" classname="asala.test.AsalaEditAccountTest"/>
  <testcase name="UserAddNewPasswordButEmptyOldAndConfirm" time="3.817" classname="asala.test.AsalaEditAccountTest"/>
  <testcase name="UserAddConfirmPasswordButEmptyOldAndNew" time="0.815" classname="asala.test.AsalaEditAccountTest"/>
  <testcase name="UserAddOldWrongAndNewMatchWithWrong" time="3.494" classname="asala.test.AsalaEditAccountTest"/>
  <testcase name="ChangePassword" time="0.831" classname="asala.test.AsalaEditAccountTest"/>
  <testcase name="ChangePasswordAgain" time="7.694" classname="asala.test.AsalaEditAccountTest"/>
  <testcase name="UserAddNameFiledEmptyAr" time="4.458" classname="asala.test.AsalaEditAccountTest"/>
  <testcase name="UserAddNameFiledMore30CharAr" time="0.862" classname="asala.test.AsalaEditAccountTest"/>
  <testcase name="UserAddNameFiledLess3CharAr" time="0.499" classname="asala.test.AsalaEditAccountTest"/>
  <testcase name="UserAddEmptyEmailAr" time="5.758" classname="asala.test.AsalaEditAccountTest"/>
  <testcase name="UserAddWrongEmailAr" time="5.762" classname="asala.test.AsalaEditAccountTest"/>
  <testcase name="UserClearNameAndEmailAr" time="5.806" classname="asala.test.AsalaEditAccountTest"/>
  <testcase name="UserAddValidEmailAndNameAr" time="0.838" classname="asala.test.AsalaEditAccountTest"/>
  <testcase name="UserAddOldPasswordButEmptyNewandConfirmAr" time="6.535" classname="asala.test.AsalaEditAccountTest"/>
  <testcase name="UserAddOldPasswordWrongAndAddNewPasswordValidAr" time="0.831" classname="asala.test.AsalaEditAccountTest"/>
  <testcase name="UserAddNewPasswordButNoConfirmAr" time="0.504" classname="asala.test.AsalaEditAccountTest"/>
  <testcase name="UserAddNewPasswordButEmptyOldAndConfirmAr" time="0.829" classname="asala.test.AsalaEditAccountTest"/>
  <testcase name="UserAddConfirmPasswordButEmptyOldAndNewAr" time="0.512" classname="asala.test.AsalaEditAccountTest"/>
  <testcase name="UserAddOldWrongAndNewMatchWithWrongAr" time="6.852" classname="asala.test.AsalaEditAccountTest"/>
</testsuite> <!-- asala.test.AsalaEditAccountTest -->
