<?xml version="1.0" encoding="UTF-8"?>
<!-- Generated by org.testng.reporters.JUnitReportReporter -->
<testsuite skipped="0" hostname="Be-Max" name="asala.test.AsalaAddNewCategoryTest" tests="11" failures="0" timestamp="29 Oct 2018 16:51:57 GMT" time="21.766" errors="0">
  <testcase name="MakeLoginAndSelectMallAsSuuperAdmin" time="0.872" classname="asala.test.AsalaAddNewCategoryTest"/>
  <testcase name="UserAddNameEnEmptyAndNameArEmpty" time="0.241" classname="asala.test.AsalaAddNewCategoryTest"/>
  <testcase name="UserAddNameEnAndNameArLessThanThreecharacter" time="0.189" classname="asala.test.AsalaAddNewCategoryTest"/>
  <testcase name="UserAddNameEnAndNameArMoreThanMaxcharacter" time="0.827" classname="asala.test.AsalaAddNewCategoryTest"/>
  <testcase name="UserAddNameEnAndNameArEmpty" time="16.558" classname="asala.test.AsalaAddNewCategoryTest"/>
  <testcase name="UserAddNameEnAndName" time="0.994" classname="asala.test.AsalaAddNewCategoryTest"/>
  <testcase name="UserAddNameEnEmptyAndNameArEmptyAr" time="0.403" classname="asala.test.AsalaAddNewCategoryTest"/>
  <testcase name="UserAddNameEnAndNameArLessThanThreecharacterAr" time="0.214" classname="asala.test.AsalaAddNewCategoryTest"/>
  <testcase name="UserAddNameEnAndNameArMoreThanMaxcharacterAr" time="0.763" classname="asala.test.AsalaAddNewCategoryTest"/>
  <testcase name="UserAddNameEnAndNameArEmptyAr" time="0.269" classname="asala.test.AsalaAddNewCategoryTest"/>
  <testcase name="UserAddNameEnAndNameAr" time="0.436" classname="asala.test.AsalaAddNewCategoryTest"/>
</testsuite> <!-- asala.test.AsalaAddNewCategoryTest -->
