<?xml version="1.0" encoding="UTF-8"?>
<!-- Generated by org.testng.reporters.JUnitReportReporter -->
<testsuite skipped="0" hostname="Be-Max" name="asala.test.AsalaTestBase" tests="1" failures="0" timestamp="12 Oct 2018 11:06:24 GMT" time="9.338" errors="0">
  <testcase name="startDriver" time="9.338" classname="asala.test.AsalaTestBase"/>
</testsuite> <!-- asala.test.AsalaTestBase -->
