<?xml version="1.0" encoding="UTF-8"?>
<!-- Generated by org.testng.reporters.JUnitReportReporter -->
<testsuite skipped="0" hostname="Be-Max" name="asala.test.AsalaEditCategoryTest" tests="2" failures="0" timestamp="30 Oct 2018 10:19:49 GMT" time="34.272" errors="0">
  <testcase name="MakeLoginAndSelectMallAsSuuperAdmin" time="2.164" classname="asala.test.AsalaEditCategoryTest"/>
  <testcase name="cleraNameEnAndAr" time="32.108" classname="asala.test.AsalaEditCategoryTest"/>
</testsuite> <!-- asala.test.AsalaEditCategoryTest -->
