<?xml version="1.0" encoding="UTF-8"?>
<!-- Generated by org.testng.reporters.JUnitReportReporter -->
<testsuite skipped="0" hostname="Be-Max" name="asala.test.AsalaEditCategoryTest" tests="2" failures="0" timestamp="30 Oct 2018 18:47:57 GMT" time="2.470" errors="0">
  <testcase name="MakeLoginAndSelectMallAsSuuperAdmin" time="2.171" classname="asala.test.AsalaEditCategoryTest"/>
  <testcase name="cleraNameEnAndAr" time="0.299" classname="asala.test.AsalaEditCategoryTest"/>
</testsuite> <!-- asala.test.AsalaEditCategoryTest -->
