<?xml version="1.0" encoding="UTF-8"?>
<!-- Generated by org.testng.reporters.JUnitReportReporter -->
<testsuite skipped="0" hostname="Be-Max" name="asala.test.AsalaMangeMallsTest" tests="5" failures="0" timestamp="22 Oct 2018 15:13:29 GMT" time="5.376" errors="0">
  <testcase name="MakeLogint" time="2.510" classname="asala.test.AsalaMangeMallsTest"/>
  <testcase name="DeactiveKadiMallEn" time="0.574" classname="asala.test.AsalaMangeMallsTest"/>
  <testcase name="ActiveKadiMallEn" time="0.554" classname="asala.test.AsalaMangeMallsTest"/>
  <testcase name="DeactiveKadiMallAr" time="0.929" classname="asala.test.AsalaMangeMallsTest"/>
  <testcase name="ActiveKadiMallAr" time="0.809" classname="asala.test.AsalaMangeMallsTest"/>
</testsuite> <!-- asala.test.AsalaMangeMallsTest -->
