<?xml version="1.0" encoding="UTF-8"?>
<!-- Generated by org.testng.reporters.JUnitReportReporter -->
<testsuite skipped="0" hostname="Be-Max" name="asala.test.AsalaMangeStoreTest" tests="2" failures="0" timestamp="26 Oct 2018 19:37:17 GMT" time="3.116" errors="0">
  <testcase name="MakeLoginAndSelectMallAsSuuperAdmin" time="3.113" classname="asala.test.AsalaMangeStoreTest"/>
  <testcase name="SelectMallAsSuperAdmin" time="0.003" classname="asala.test.AsalaMangeStoreTest"/>
</testsuite> <!-- asala.test.AsalaMangeStoreTest -->
