<?xml version="1.0" encoding="UTF-8"?>
<!-- Generated by org.testng.reporters.JUnitReportReporter -->
<testsuite skipped="0" hostname="Be-Max" name="asala.test.AsalaMangeStoreTest" tests="6" failures="0"
           timestamp="01 Nov 2018 11:56:03 GMT" time="163.501" errors="0">
    <testcase name="MakeLoginAndSelectMallAsSuuperAdmin" time="3.924" classname="asala.test.AsalaMangeStoreTest"/>
    <testcase name="MakeSearch" time="33.968" classname="asala.test.AsalaMangeStoreTest"/>
    <testcase name="MakeSearchWithWrongValue" time="27.281" classname="asala.test.AsalaMangeStoreTest"/>
    <testcase name="MakeSearchWithValueAutoComplete" time="33.589" classname="asala.test.AsalaMangeStoreTest"/>
    <testcase name="MakeFilterWithMall" time="57.711" classname="asala.test.AsalaMangeStoreTest"/>
    <testcase name="MakeFilterWithMallAndCategory" time="7.028" classname="asala.test.AsalaMangeStoreTest"/>
</testsuite> <!-- asala.test.AsalaMangeStoreTest -->
