<?xml version="1.0" encoding="UTF-8"?>
<!-- Generated by org.testng.reporters.JUnitReportReporter -->
<testsuite skipped="0" hostname="Be-Max" name="asala.test.AsalaLoginTest" tests="1" failures="0" timestamp="21 Oct 2018 15:04:21 GMT" time="0.406" errors="0">
  <testcase name="AddEmailEmptyAndPassword" time="0.406" classname="asala.test.AsalaLoginTest"/>
</testsuite> <!-- asala.test.AsalaLoginTest -->
