<?xml version="1.0" encoding="UTF-8"?>
<!-- Generated by org.testng.reporters.JUnitReportReporter -->
<testsuite skipped="0" hostname="Be-Max" name="asala.test.AsalaEditAccountTest" tests="8" failures="0" timestamp="18 Oct 2018 13:51:04 GMT" time="6.798" errors="0">
  <testcase name="MakeLogin" time="1.724" classname="asala.test.AsalaEditAccountTest"/>
  <testcase name="UserAddNameFiledEmpty" time="0.325" classname="asala.test.AsalaEditAccountTest"/>
  <testcase name="UserAddNameFiledMore30Char" time="1.173" classname="asala.test.AsalaEditAccountTest"/>
  <testcase name="UserAddNameFiledLess3Char" time="0.310" classname="asala.test.AsalaEditAccountTest"/>
  <testcase name="UserAddNameFiledsuccess" time="0.295" classname="asala.test.AsalaEditAccountTest"/>
  <testcase name="UserAddEmptyEmail" time="2.311" classname="asala.test.AsalaEditAccountTest"/>
  <testcase name="UserAddWrongEmail" time="0.327" classname="asala.test.AsalaEditAccountTest"/>
  <testcase name="UserAddValidEmail" time="0.333" classname="asala.test.AsalaEditAccountTest"/>
</testsuite> <!-- asala.test.AsalaEditAccountTest -->
