<?xml version="1.0" encoding="UTF-8"?>
<!-- Generated by org.testng.reporters.JUnitReportReporter -->
<testsuite skipped="0" hostname="Be-Max" name="asala.test.AsalaLoginTest" tests="17" failures="0" timestamp="30 Oct 2018 18:48:45 GMT" time="20.708" errors="0">
  <testcase name="AddEmailEmptyAndPassword" time="0.362" classname="asala.test.AsalaLoginTest"/>
  <testcase name="AddEmailEmptyWrongFormat" time="0.304" classname="asala.test.AsalaLoginTest"/>
  <testcase name="AddEmailEmptyButAddPasword" time="0.313" classname="asala.test.AsalaLoginTest"/>
  <testcase name="AddEmailButAddPaswordEmpty" time="0.348" classname="asala.test.AsalaLoginTest"/>
  <testcase name="AddWrongEmailButVaildPassword" time="0.301" classname="asala.test.AsalaLoginTest"/>
  <testcase name="AddValidEmailButWrongPasswordPassword" time="2.022" classname="asala.test.AsalaLoginTest"/>
  <testcase name="AddValidEmailAndPasswordInActiveUSer" time="3.325" classname="asala.test.AsalaLoginTest"/>
  <testcase name="AddEmailEmptyAndPasswordAr" time="2.586" classname="asala.test.AsalaLoginTest"/>
  <testcase name="AddEmailEmptyWrongFormatAr" time="0.521" classname="asala.test.AsalaLoginTest"/>
  <testcase name="AddEmailEmptyButAddPaswordAr" time="0.294" classname="asala.test.AsalaLoginTest"/>
  <testcase name="AddEmailButAddPaswordEmptyAr" time="0.326" classname="asala.test.AsalaLoginTest"/>
  <testcase name="AddWrongEmailButVaildPasswordAr" time="0.301" classname="asala.test.AsalaLoginTest"/>
  <testcase name="AddValidEmailButWrongPasswordPasswordAr" time="0.407" classname="asala.test.AsalaLoginTest"/>
  <testcase name="AddValidEmailAndPasswordInActiveUSerAr" time="1.306" classname="asala.test.AsalaLoginTest"/>
  <testcase name="AddValidEmailAndPasswordActiveUSerSuperAdmin" time="2.505" classname="asala.test.AsalaLoginTest"/>
  <testcase name="AddValidEmailAndPasswordActiveUSerMallAdmin" time="5.119" classname="asala.test.AsalaLoginTest"/>
  <testcase name="AddValidEmailAndPasswordActiveUSerStoreAdmin" time="0.368" classname="asala.test.AsalaLoginTest"/>
</testsuite> <!-- asala.test.AsalaLoginTest -->
