<?xml version="1.0" encoding="UTF-8"?>
<!-- Generated by org.testng.reporters.JUnitReportReporter -->
<testsuite skipped="0" hostname="Be-Max" name="asala.test.AsalaMangeStoreTest" tests="7" failures="0" timestamp="30 Oct 2018 18:50:18 GMT" time="32.443" errors="0">
  <testcase name="MakeLoginAndSelectMallAsSuuperAdmin" time="1.871" classname="asala.test.AsalaMangeStoreTest"/>
  <testcase name="MakeSearch" time="4.370" classname="asala.test.AsalaMangeStoreTest"/>
  <testcase name="MakeSearchWithWrongValue" time="3.683" classname="asala.test.AsalaMangeStoreTest"/>
  <testcase name="MakeFilterWithMall" time="4.260" classname="asala.test.AsalaMangeStoreTest"/>
  <testcase name="MakeFilterWithMallAndCategory" time="11.650" classname="asala.test.AsalaMangeStoreTest"/>
  <testcase name="MakeFilterWithMallAndSearch" time="3.063" classname="asala.test.AsalaMangeStoreTest"/>
  <testcase name="MakeFilterWithMallAndCategoryAndSearch" time="3.546" classname="asala.test.AsalaMangeStoreTest"/>
</testsuite> <!-- asala.test.AsalaMangeStoreTest -->
