<?xml version="1.0" encoding="UTF-8"?>
<!-- Generated by org.testng.reporters.JUnitReportReporter -->
<testsuite skipped="0" hostname="Be-Max" name="asala.test.AsalaEditCategoryPage" tests="1" failures="0"
           timestamp="30 Oct 2018 08:44:26 GMT" time="3.123" errors="0">
    <testcase name="MakeLoginAndSelectMallAsSuuperAdmin" time="3.123" classname="asala.test.AsalaEditCategoryPage"/>
</testsuite> <!-- asala.test.AsalaEditCategoryPage -->
